# JRE version: OpenJDK Runtime Environment (8.0_242-b01) (build 1.8.0_242-release-1644-b01)
# Java VM: OpenJDK 64-Bit Server VM (25.242-b01 mixed mode windows-amd64 compressed oops)
Heap:
 PSYoungGen      total 253952K, used 37870K [0x00000000d5580000, 0x00000000e7380000, 0x0000000100000000)
  eden space 240640K, 10% used [0x00000000d5580000,0x00000000d6d7c528,0x00000000e4080000)
  from space 13312K, 99% used [0x00000000e6680000,0x00000000e737f320,0x00000000e7380000)
  to   space 16384K, 0% used [0x00000000e5380000,0x00000000e5380000,0x00000000e6380000)
 ParOldGen       total 53760K, used 30482K [0x0000000080000000, 0x0000000083480000, 0x00000000d5580000)
  object space 53760K, 56% used [0x0000000080000000,0x0000000081dc4850,0x0000000083480000)
 Metaspace       used 52498K, capacity 54286K, committed 54312K, reserved 1095680K
  class space    used 6976K, capacity 7453K, committed 7472K, reserved 1048576K
GC Heap History (10 events):
Event: 6.634 GC heap before
{Heap before GC invocations=6 (full 1):
 PSYoungGen      total 138240K, used 5092K [0x00000000d5580000, 0x00000000e7380000, 0x0000000100000000)
  eden space 133120K, 0% used [0x00000000d5580000,0x00000000d5580000,0x00000000dd780000)
  from space 5120K, 99% used [0x00000000dd780000,0x00000000ddc79050,0x00000000ddc80000)
  to   space 13312K, 0% used [0x00000000e6680000,0x00000000e6680000,0x00000000e7380000)
 ParOldGen       total 87552K, used 11378K [0x0000000080000000, 0x0000000085580000, 0x00000000d5580000)
  object space 87552K, 12% used [0x0000000080000000,0x0000000080b1c9a8,0x0000000085580000)
 Metaspace       used 20656K, capacity 21260K, committed 21296K, reserved 1067008K
  class space    used 2896K, capacity 3116K, committed 3120K, reserved 1048576K
Event: 6.695 GC heap after
Heap after GC invocations=6 (full 1):
 PSYoungGen      total 138240K, used 0K [0x00000000d5580000, 0x00000000e7380000, 0x0000000100000000)
  eden space 133120K, 0% used [0x00000000d5580000,0x00000000d5580000,0x00000000dd780000)
  from space 5120K, 0% used [0x00000000dd780000,0x00000000dd780000,0x00000000ddc80000)
  to   space 13312K, 0% used [0x00000000e6680000,0x00000000e6680000,0x00000000e7380000)
 ParOldGen       total 53760K, used 7088K [0x0000000080000000, 0x0000000083480000, 0x00000000d5580000)
  object space 53760K, 13% used [0x0000000080000000,0x00000000806ec0a0,0x0000000083480000)
 Metaspace       used 20656K, capacity 21260K, committed 21296K, reserved 1067008K
  class space    used 2896K, capacity 3116K, committed 3120K, reserved 1048576K
}
Event: 9.088 GC heap before
{Heap before GC invocations=7 (full 1):
 PSYoungGen      total 138240K, used 133120K [0x00000000d5580000, 0x00000000e7380000, 0x0000000100000000)
  eden space 133120K, 100% used [0x00000000d5580000,0x00000000dd780000,0x00000000dd780000)
  from space 5120K, 0% used [0x00000000dd780000,0x00000000dd780000,0x00000000ddc80000)
  to   space 13312K, 0% used [0x00000000e6680000,0x00000000e6680000,0x00000000e7380000)
 ParOldGen       total 53760K, used 7088K [0x0000000080000000, 0x0000000083480000, 0x00000000d5580000)
  object space 53760K, 13% used [0x0000000080000000,0x00000000806ec0a0,0x0000000083480000)
 Metaspace       used 32306K, capacity 33176K, committed 33328K, reserved 1077248K
  class space    used 4404K, capacity 4609K, committed 4656K, reserved 1048576K
Event: 9.104 GC heap after
Heap after GC invocations=7 (full 1):
 PSYoungGen      total 253952K, used 13305K [0x00000000d5580000, 0x00000000e7380000, 0x0000000100000000)
  eden space 240640K, 0% used [0x00000000d5580000,0x00000000d5580000,0x00000000e4080000)
  from space 13312K, 99% used [0x00000000e6680000,0x00000000e737e4a0,0x00000000e7380000)
  to   space 16384K, 0% used [0x00000000e5380000,0x00000000e5380000,0x00000000e6380000)
 ParOldGen       total 53760K, used 7494K [0x0000000080000000, 0x0000000083480000, 0x00000000d5580000)
  object space 53760K, 13% used [0x0000000080000000,0x0000000080751a18,0x0000000083480000)
 Metaspace       used 32306K, capacity 33176K, committed 33328K, reserved 1077248K
  class space    used 4404K, capacity 4609K, committed 4656K, reserved 1048576K
}
Event: 9.724 GC heap before
{Heap before GC invocations=8 (full 1):
 PSYoungGen      total 253952K, used 62577K [0x00000000d5580000, 0x00000000e7380000, 0x0000000100000000)
  eden space 240640K, 20% used [0x00000000d5580000,0x00000000d859e298,0x00000000e4080000)
  from space 13312K, 99% used [0x00000000e6680000,0x00000000e737e4a0,0x00000000e7380000)
  to   space 16384K, 0% used [0x00000000e5380000,0x00000000e5380000,0x00000000e6380000)
 ParOldGen       total 53760K, used 7494K [0x0000000080000000, 0x0000000083480000, 0x00000000d5580000)
  object space 53760K, 13% used [0x0000000080000000,0x0000000080751a18,0x0000000083480000)
 Metaspace       used 34442K, capacity 35338K, committed 35496K, reserved 1079296K
  class space    used 4718K, capacity 4934K, committed 5040K, reserved 1048576K
Event: 9.745 GC heap after
Heap after GC invocations=8 (full 1):
 PSYoungGen      total 257024K, used 9195K [0x00000000d5580000, 0x00000000e7380000, 0x0000000100000000)
  eden space 240640K, 0% used [0x00000000d5580000,0x00000000d5580000,0x00000000e4080000)
  from space 16384K, 56% used [0x00000000e5380000,0x00000000e5c7ac08,0x00000000e6380000)
  to   space 13312K, 0% used [0x00000000e6680000,0x00000000e6680000,0x00000000e7380000)
 ParOldGen       total 53760K, used 7502K [0x0000000080000000, 0x0000000083480000, 0x00000000d5580000)
  object space 53760K, 13% used [0x0000000080000000,0x0000000080753a18,0x0000000083480000)
 Metaspace       used 34442K, capacity 35338K, committed 35496K, reserved 1079296K
  class space    used 4718K, capacity 4934K, committed 5040K, reserved 1048576K
}
Event: 9.745 GC heap before
{Heap before GC invocations=9 (full 2):
 PSYoungGen      total 257024K, used 9195K [0x00000000d5580000, 0x00000000e7380000, 0x0000000100000000)
  eden space 240640K, 0% used [0x00000000d5580000,0x00000000d5580000,0x00000000e4080000)
  from space 16384K, 56% used [0x00000000e5380000,0x00000000e5c7ac08,0x00000000e6380000)
  to   space 13312K, 0% used [0x00000000e6680000,0x00000000e6680000,0x00000000e7380000)
 ParOldGen       total 53760K, used 7502K [0x0000000080000000, 0x0000000083480000, 0x00000000d5580000)
  object space 53760K, 13% used [0x0000000080000000,0x0000000080753a18,0x0000000083480000)
 Metaspace       used 34442K, capacity 35338K, committed 35496K, reserved 1079296K
  class space    used 4718K, capacity 4934K, committed 5040K, reserved 1048576K
Event: 9.882 GC heap after
Heap after GC invocations=9 (full 2):
 PSYoungGen      total 257024K, used 0K [0x00000000d5580000, 0x00000000e7380000, 0x0000000100000000)
  eden space 240640K, 0% used [0x00000000d5580000,0x00000000d5580000,0x00000000e4080000)
  from space 16384K, 0% used [0x00000000e5380000,0x00000000e5380000,0x00000000e6380000)
  to   space 13312K, 0% used [0x00000000e6680000,0x00000000e6680000,0x00000000e7380000)
 ParOldGen       total 53760K, used 15795K [0x0000000080000000, 0x0000000083480000, 0x00000000d5580000)
  object space 53760K, 29% used [0x0000000080000000,0x0000000080f6cd30,0x0000000083480000)
 Metaspace       used 34442K, capacity 35338K, committed 35496K, reserved 1079296K
  class space    used 4718K, capacity 4934K, committed 5040K, reserved 1048576K
}
Event: 23.907 GC heap before
{Heap before GC invocations=10 (full 2):
 PSYoungGen      total 257024K, used 240640K [0x00000000d5580000, 0x00000000e7380000, 0x0000000100000000)
  eden space 240640K, 100% used [0x00000000d5580000,0x00000000e4080000,0x00000000e4080000)
  from space 16384K, 0% used [0x00000000e5380000,0x00000000e5380000,0x00000000e6380000)
  to   space 13312K, 0% used [0x00000000e6680000,0x00000000e6680000,0x00000000e7380000)
 ParOldGen       total 53760K, used 15795K [0x0000000080000000, 0x0000000083480000, 0x00000000d5580000)
  object space 53760K, 29% used [0x0000000080000000,0x0000000080f6cd30,0x0000000083480000)
 Metaspace       used 51952K, capacity 53782K, committed 54056K, reserved 1095680K
  class space    used 6910K, capacity 7376K, committed 7472K, reserved 1048576K
Event: 23.932 GC heap after
Heap after GC invocations=10 (full 2):
 PSYoungGen      total 253952K, used 13308K [0x00000000d5580000, 0x00000000e7380000, 0x0000000100000000)
  eden space 240640K, 0% used [0x00000000d5580000,0x00000000d5580000,0x00000000e4080000)
  from space 13312K, 99% used [0x00000000e6680000,0x00000000e737f320,0x00000000e7380000)
  to   space 16384K, 0% used [0x00000000e5380000,0x00000000e5380000,0x00000000e6380000)
 ParOldGen       total 53760K, used 30482K [0x0000000080000000, 0x0000000083480000, 0x00000000d5580000)
  object space 53760K, 56% used [0x0000000080000000,0x0000000081dc4850,0x0000000083480000)
 Metaspace       used 51952K, capacity 53782K, committed 54056K, reserved 1095680K
  class space    used 6910K, capacity 7376K, committed 7472K, reserved 1048576K
}

