# JRE version: OpenJDK Runtime Environment (8.0_242-b01) (build 1.8.0_242-release-1644-b01)
# Java VM: OpenJDK 64-Bit Server VM (25.242-b01 mixed mode windows-amd64 compressed oops)
Heap:
 PSYoungGen      total 144384K, used 92540K [0x00000000d5580000, 0x00000000df980000, 0x0000000100000000)
  eden space 132096K, 70% used [0x00000000d5580000,0x00000000dafdf2a8,0x00000000dd680000)
  from space 12288K, 0% used [0x00000000ded80000,0x00000000ded80000,0x00000000df980000)
  to   space 14336K, 0% used [0x00000000ddd80000,0x00000000ddd80000,0x00000000deb80000)
 ParOldGen       total 91136K, used 37979K [0x0000000080000000, 0x0000000085900000, 0x00000000d5580000)
  object space 91136K, 41% used [0x0000000080000000,0x0000000082516cb8,0x0000000085900000)
 Metaspace       used 61526K, capacity 63802K, committed 64024K, reserved 1103872K
  class space    used 8425K, capacity 8947K, committed 9008K, reserved 1048576K
GC Heap History (10 events):
Event: 6.141 GC heap before
{Heap before GC invocations=11 (full 2):
 PSYoungGen      total 116224K, used 9579K [0x00000000d5580000, 0x00000000df980000, 0x0000000100000000)
  eden space 104448K, 0% used [0x00000000d5580000,0x00000000d5580000,0x00000000dbb80000)
  from space 11776K, 81% used [0x00000000dbb80000,0x00000000dc4daf88,0x00000000dc700000)
  to   space 12288K, 0% used [0x00000000ded80000,0x00000000ded80000,0x00000000df980000)
 ParOldGen       total 59392K, used 9045K [0x0000000080000000, 0x0000000083a00000, 0x00000000d5580000)
  object space 59392K, 15% used [0x0000000080000000,0x00000000808d5730,0x0000000083a00000)
 Metaspace       used 34577K, capacity 35400K, committed 35496K, reserved 1079296K
  class space    used 4745K, capacity 4971K, committed 5040K, reserved 1048576K
Event: 6.215 GC heap after
Heap after GC invocations=11 (full 2):
 PSYoungGen      total 116224K, used 0K [0x00000000d5580000, 0x00000000df980000, 0x0000000100000000)
  eden space 104448K, 0% used [0x00000000d5580000,0x00000000d5580000,0x00000000dbb80000)
  from space 11776K, 0% used [0x00000000dbb80000,0x00000000dbb80000,0x00000000dc700000)
  to   space 12288K, 0% used [0x00000000ded80000,0x00000000ded80000,0x00000000df980000)
 ParOldGen       total 91136K, used 16227K [0x0000000080000000, 0x0000000085900000, 0x00000000d5580000)
  object space 91136K, 17% used [0x0000000080000000,0x0000000080fd8c40,0x0000000085900000)
 Metaspace       used 34577K, capacity 35400K, committed 35496K, reserved 1079296K
  class space    used 4745K, capacity 4971K, committed 5040K, reserved 1048576K
}
Event: 8.185 GC heap before
{Heap before GC invocations=12 (full 2):
 PSYoungGen      total 116224K, used 104448K [0x00000000d5580000, 0x00000000df980000, 0x0000000100000000)
  eden space 104448K, 100% used [0x00000000d5580000,0x00000000dbb80000,0x00000000dbb80000)
  from space 11776K, 0% used [0x00000000dbb80000,0x00000000dbb80000,0x00000000dc700000)
  to   space 12288K, 0% used [0x00000000ded80000,0x00000000ded80000,0x00000000df980000)
 ParOldGen       total 91136K, used 16227K [0x0000000080000000, 0x0000000085900000, 0x00000000d5580000)
  object space 91136K, 17% used [0x0000000080000000,0x0000000080fd8c40,0x0000000085900000)
 Metaspace       used 42888K, capacity 44422K, committed 44592K, reserved 1087488K
  class space    used 5784K, capacity 6149K, committed 6192K, reserved 1048576K
Event: 8.208 GC heap after
Heap after GC invocations=12 (full 2):
 PSYoungGen      total 144384K, used 12277K [0x00000000d5580000, 0x00000000df980000, 0x0000000100000000)
  eden space 132096K, 0% used [0x00000000d5580000,0x00000000d5580000,0x00000000dd680000)
  from space 12288K, 99% used [0x00000000ded80000,0x00000000df97d7f8,0x00000000df980000)
  to   space 14336K, 0% used [0x00000000ddd80000,0x00000000ddd80000,0x00000000deb80000)
 ParOldGen       total 91136K, used 17794K [0x0000000080000000, 0x0000000085900000, 0x00000000d5580000)
  object space 91136K, 19% used [0x0000000080000000,0x0000000081160908,0x0000000085900000)
 Metaspace       used 42888K, capacity 44422K, committed 44592K, reserved 1087488K
  class space    used 5784K, capacity 6149K, committed 6192K, reserved 1048576K
}
Event: 9.817 GC heap before
{Heap before GC invocations=13 (full 2):
 PSYoungGen      total 144384K, used 144373K [0x00000000d5580000, 0x00000000df980000, 0x0000000100000000)
  eden space 132096K, 100% used [0x00000000d5580000,0x00000000dd680000,0x00000000dd680000)
  from space 12288K, 99% used [0x00000000ded80000,0x00000000df97d7f8,0x00000000df980000)
  to   space 14336K, 0% used [0x00000000ddd80000,0x00000000ddd80000,0x00000000deb80000)
 ParOldGen       total 91136K, used 17794K [0x0000000080000000, 0x0000000085900000, 0x00000000d5580000)
  object space 91136K, 19% used [0x0000000080000000,0x0000000081160908,0x0000000085900000)
 Metaspace       used 51826K, capacity 53622K, committed 53680K, reserved 1095680K
  class space    used 6879K, capacity 7329K, committed 7344K, reserved 1048576K
Event: 9.866 GC heap after
Heap after GC invocations=13 (full 2):
 PSYoungGen      total 146432K, used 14320K [0x00000000d5580000, 0x00000000df980000, 0x0000000100000000)
  eden space 132096K, 0% used [0x00000000d5580000,0x00000000d5580000,0x00000000dd680000)
  from space 14336K, 99% used [0x00000000ddd80000,0x00000000deb7c360,0x00000000deb80000)
  to   space 12288K, 0% used [0x00000000ded80000,0x00000000ded80000,0x00000000df980000)
 ParOldGen       total 91136K, used 26434K [0x0000000080000000, 0x0000000085900000, 0x00000000d5580000)
  object space 91136K, 29% used [0x0000000080000000,0x00000000819d0a60,0x0000000085900000)
 Metaspace       used 51826K, capacity 53622K, committed 53680K, reserved 1095680K
  class space    used 6879K, capacity 7329K, committed 7344K, reserved 1048576K
}
Event: 11.044 GC heap before
{Heap before GC invocations=14 (full 2):
 PSYoungGen      total 146432K, used 91400K [0x00000000d5580000, 0x00000000df980000, 0x0000000100000000)
  eden space 132096K, 58% used [0x00000000d5580000,0x00000000da0c5ef8,0x00000000dd680000)
  from space 14336K, 99% used [0x00000000ddd80000,0x00000000deb7c360,0x00000000deb80000)
  to   space 12288K, 0% used [0x00000000ded80000,0x00000000ded80000,0x00000000df980000)
 ParOldGen       total 91136K, used 26434K [0x0000000080000000, 0x0000000085900000, 0x00000000d5580000)
  object space 91136K, 29% used [0x0000000080000000,0x00000000819d0a60,0x0000000085900000)
 Metaspace       used 57084K, capacity 59116K, committed 59160K, reserved 1099776K
  class space    used 7722K, capacity 8210K, committed 8240K, reserved 1048576K
Event: 11.078 GC heap after
Heap after GC invocations=14 (full 2):
 PSYoungGen      total 144384K, used 8638K [0x00000000d5580000, 0x00000000df980000, 0x0000000100000000)
  eden space 132096K, 0% used [0x00000000d5580000,0x00000000d5580000,0x00000000dd680000)
  from space 12288K, 70% used [0x00000000ded80000,0x00000000df5efa30,0x00000000df980000)
  to   space 14336K, 0% used [0x00000000ddd80000,0x00000000ddd80000,0x00000000deb80000)
 ParOldGen       total 91136K, used 35510K [0x0000000080000000, 0x0000000085900000, 0x00000000d5580000)
  object space 91136K, 38% used [0x0000000080000000,0x00000000822ada50,0x0000000085900000)
 Metaspace       used 57084K, capacity 59116K, committed 59160K, reserved 1099776K
  class space    used 7722K, capacity 8210K, committed 8240K, reserved 1048576K
}
Event: 11.079 GC heap before
{Heap before GC invocations=15 (full 3):
 PSYoungGen      total 144384K, used 8638K [0x00000000d5580000, 0x00000000df980000, 0x0000000100000000)
  eden space 132096K, 0% used [0x00000000d5580000,0x00000000d5580000,0x00000000dd680000)
  from space 12288K, 70% used [0x00000000ded80000,0x00000000df5efa30,0x00000000df980000)
  to   space 14336K, 0% used [0x00000000ddd80000,0x00000000ddd80000,0x00000000deb80000)
 ParOldGen       total 91136K, used 35510K [0x0000000080000000, 0x0000000085900000, 0x00000000d5580000)
  object space 91136K, 38% used [0x0000000080000000,0x00000000822ada50,0x0000000085900000)
 Metaspace       used 57084K, capacity 59116K, committed 59160K, reserved 1099776K
  class space    used 7722K, capacity 8210K, committed 8240K, reserved 1048576K
Event: 11.465 GC heap after
Heap after GC invocations=15 (full 3):
 PSYoungGen      total 144384K, used 0K [0x00000000d5580000, 0x00000000df980000, 0x0000000100000000)
  eden space 132096K, 0% used [0x00000000d5580000,0x00000000d5580000,0x00000000dd680000)
  from space 12288K, 0% used [0x00000000ded80000,0x00000000ded80000,0x00000000df980000)
  to   space 14336K, 0% used [0x00000000ddd80000,0x00000000ddd80000,0x00000000deb80000)
 ParOldGen       total 91136K, used 37979K [0x0000000080000000, 0x0000000085900000, 0x00000000d5580000)
  object space 91136K, 41% used [0x0000000080000000,0x0000000082516cb8,0x0000000085900000)
 Metaspace       used 57076K, capacity 59086K, committed 59160K, reserved 1099776K
  class space    used 7720K, capacity 8205K, committed 8240K, reserved 1048576K
}

