# JRE version: OpenJDK Runtime Environment (8.0_242-b01) (build 1.8.0_242-release-1644-b01)
# Java VM: OpenJDK 64-Bit Server VM (25.242-b01 mixed mode windows-amd64 compressed oops)
Heap:
 PSYoungGen      total 140288K, used 82391K [0x00000000d5580000, 0x00000000e2880000, 0x0000000100000000)
  eden space 129024K, 63% used [0x00000000d5580000,0x00000000da5f5c30,0x00000000dd380000)
  from space 11264K, 0% used [0x00000000dd380000,0x00000000dd380000,0x00000000dde80000)
  to   space 13824K, 0% used [0x00000000e1b00000,0x00000000e1b00000,0x00000000e2880000)
 ParOldGen       total 67584K, used 19424K [0x0000000080000000, 0x0000000084200000, 0x00000000d5580000)
  object space 67584K, 28% used [0x0000000080000000,0x00000000812f8018,0x0000000084200000)
 Metaspace       used 40693K, capacity 42041K, committed 42288K, reserved 1085440K
  class space    used 5524K, capacity 5835K, committed 5936K, reserved 1048576K
GC Heap History (10 events):
Event: 4.192 GC heap before
{Heap before GC invocations=7 (full 0):
 PSYoungGen      total 76288K, used 9312K [0x00000000d5580000, 0x00000000dab80000, 0x0000000100000000)
  eden space 66048K, 1% used [0x00000000d5580000,0x00000000d5686130,0x00000000d9600000)
  from space 10240K, 80% used [0x00000000da080000,0x00000000da892070,0x00000000daa80000)
  to   space 10752K, 0% used [0x00000000d9600000,0x00000000d9600000,0x00000000da080000)
 ParOldGen       total 87552K, used 7145K [0x0000000080000000, 0x0000000085580000, 0x00000000d5580000)
  object space 87552K, 8% used [0x0000000080000000,0x00000000806fa4c0,0x0000000085580000)
 Metaspace       used 20641K, capacity 21170K, committed 21296K, reserved 1067008K
  class space    used 2903K, capacity 3087K, committed 3120K, reserved 1048576K
Event: 4.207 GC heap after
Heap after GC invocations=7 (full 0):
 PSYoungGen      total 76800K, used 3616K [0x00000000d5580000, 0x00000000deb80000, 0x0000000100000000)
  eden space 66048K, 0% used [0x00000000d5580000,0x00000000d5580000,0x00000000d9600000)
  from space 10752K, 33% used [0x00000000d9600000,0x00000000d9988030,0x00000000da080000)
  to   space 10752K, 0% used [0x00000000de100000,0x00000000de100000,0x00000000deb80000)
 ParOldGen       total 87552K, used 9433K [0x0000000080000000, 0x0000000085580000, 0x00000000d5580000)
  object space 87552K, 10% used [0x0000000080000000,0x0000000080936510,0x0000000085580000)
 Metaspace       used 20641K, capacity 21170K, committed 21296K, reserved 1067008K
  class space    used 2903K, capacity 3087K, committed 3120K, reserved 1048576K
}
Event: 4.207 GC heap before
{Heap before GC invocations=8 (full 1):
 PSYoungGen      total 76800K, used 3616K [0x00000000d5580000, 0x00000000deb80000, 0x0000000100000000)
  eden space 66048K, 0% used [0x00000000d5580000,0x00000000d5580000,0x00000000d9600000)
  from space 10752K, 33% used [0x00000000d9600000,0x00000000d9988030,0x00000000da080000)
  to   space 10752K, 0% used [0x00000000de100000,0x00000000de100000,0x00000000deb80000)
 ParOldGen       total 87552K, used 9433K [0x0000000080000000, 0x0000000085580000, 0x00000000d5580000)
  object space 87552K, 10% used [0x0000000080000000,0x0000000080936510,0x0000000085580000)
 Metaspace       used 20641K, capacity 21170K, committed 21296K, reserved 1067008K
  class space    used 2903K, capacity 3087K, committed 3120K, reserved 1048576K
Event: 4.282 GC heap after
Heap after GC invocations=8 (full 1):
 PSYoungGen      total 76800K, used 0K [0x00000000d5580000, 0x00000000deb80000, 0x0000000100000000)
  eden space 66048K, 0% used [0x00000000d5580000,0x00000000d5580000,0x00000000d9600000)
  from space 10752K, 0% used [0x00000000d9600000,0x00000000d9600000,0x00000000da080000)
  to   space 10752K, 0% used [0x00000000de100000,0x00000000de100000,0x00000000deb80000)
 ParOldGen       total 47104K, used 6616K [0x0000000080000000, 0x0000000082e00000, 0x00000000d5580000)
  object space 47104K, 14% used [0x0000000080000000,0x0000000080676230,0x0000000082e00000)
 Metaspace       used 20641K, capacity 21170K, committed 21296K, reserved 1067008K
  class space    used 2903K, capacity 3087K, committed 3120K, reserved 1048576K
}
Event: 5.240 GC heap before
{Heap before GC invocations=9 (full 1):
 PSYoungGen      total 76800K, used 66048K [0x00000000d5580000, 0x00000000deb80000, 0x0000000100000000)
  eden space 66048K, 100% used [0x00000000d5580000,0x00000000d9600000,0x00000000d9600000)
  from space 10752K, 0% used [0x00000000d9600000,0x00000000d9600000,0x00000000da080000)
  to   space 10752K, 0% used [0x00000000de100000,0x00000000de100000,0x00000000deb80000)
 ParOldGen       total 47104K, used 6616K [0x0000000080000000, 0x0000000082e00000, 0x00000000d5580000)
  object space 47104K, 14% used [0x0000000080000000,0x0000000080676230,0x0000000082e00000)
 Metaspace       used 28947K, capacity 29574K, committed 30000K, reserved 1075200K
  class space    used 3875K, capacity 4068K, committed 4144K, reserved 1048576K
Event: 5.253 GC heap after
Heap after GC invocations=9 (full 1):
 PSYoungGen      total 133120K, used 8204K [0x00000000d5580000, 0x00000000de980000, 0x0000000100000000)
  eden space 124416K, 0% used [0x00000000d5580000,0x00000000d5580000,0x00000000dcf00000)
  from space 8704K, 94% used [0x00000000de100000,0x00000000de9033f8,0x00000000de980000)
  to   space 11264K, 0% used [0x00000000dd380000,0x00000000dd380000,0x00000000dde80000)
 ParOldGen       total 47104K, used 6624K [0x0000000080000000, 0x0000000082e00000, 0x00000000d5580000)
  object space 47104K, 14% used [0x0000000080000000,0x0000000080678230,0x0000000082e00000)
 Metaspace       used 28947K, capacity 29574K, committed 30000K, reserved 1075200K
  class space    used 3875K, capacity 4068K, committed 4144K, reserved 1048576K
}
Event: 6.587 GC heap before
{Heap before GC invocations=10 (full 1):
 PSYoungGen      total 133120K, used 129585K [0x00000000d5580000, 0x00000000de980000, 0x0000000100000000)
  eden space 124416K, 97% used [0x00000000d5580000,0x00000000dcc09120,0x00000000dcf00000)
  from space 8704K, 94% used [0x00000000de100000,0x00000000de9033f8,0x00000000de980000)
  to   space 11264K, 0% used [0x00000000dd380000,0x00000000dd380000,0x00000000dde80000)
 ParOldGen       total 47104K, used 6624K [0x0000000080000000, 0x0000000082e00000, 0x00000000d5580000)
  object space 47104K, 14% used [0x0000000080000000,0x0000000080678230,0x0000000082e00000)
 Metaspace       used 34565K, capacity 35383K, committed 35496K, reserved 1079296K
  class space    used 4707K, capacity 4912K, committed 4912K, reserved 1048576K
Event: 6.603 GC heap after
Heap after GC invocations=10 (full 1):
 PSYoungGen      total 140288K, used 11261K [0x00000000d5580000, 0x00000000e2880000, 0x0000000100000000)
  eden space 129024K, 0% used [0x00000000d5580000,0x00000000d5580000,0x00000000dd380000)
  from space 11264K, 99% used [0x00000000dd380000,0x00000000dde7f528,0x00000000dde80000)
  to   space 13824K, 0% used [0x00000000e1b00000,0x00000000e1b00000,0x00000000e2880000)
 ParOldGen       total 47104K, used 8681K [0x0000000080000000, 0x0000000082e00000, 0x00000000d5580000)
  object space 47104K, 18% used [0x0000000080000000,0x000000008087a508,0x0000000082e00000)
 Metaspace       used 34565K, capacity 35383K, committed 35496K, reserved 1079296K
  class space    used 4707K, capacity 4912K, committed 4912K, reserved 1048576K
}
Event: 6.603 GC heap before
{Heap before GC invocations=11 (full 2):
 PSYoungGen      total 140288K, used 11261K [0x00000000d5580000, 0x00000000e2880000, 0x0000000100000000)
  eden space 129024K, 0% used [0x00000000d5580000,0x00000000d5580000,0x00000000dd380000)
  from space 11264K, 99% used [0x00000000dd380000,0x00000000dde7f528,0x00000000dde80000)
  to   space 13824K, 0% used [0x00000000e1b00000,0x00000000e1b00000,0x00000000e2880000)
 ParOldGen       total 47104K, used 8681K [0x0000000080000000, 0x0000000082e00000, 0x00000000d5580000)
  object space 47104K, 18% used [0x0000000080000000,0x000000008087a508,0x0000000082e00000)
 Metaspace       used 34565K, capacity 35383K, committed 35496K, reserved 1079296K
  class space    used 4707K, capacity 4912K, committed 4912K, reserved 1048576K
Event: 6.691 GC heap after
Heap after GC invocations=11 (full 2):
 PSYoungGen      total 140288K, used 0K [0x00000000d5580000, 0x00000000e2880000, 0x0000000100000000)
  eden space 129024K, 0% used [0x00000000d5580000,0x00000000d5580000,0x00000000dd380000)
  from space 11264K, 0% used [0x00000000dd380000,0x00000000dd380000,0x00000000dde80000)
  to   space 13824K, 0% used [0x00000000e1b00000,0x00000000e1b00000,0x00000000e2880000)
 ParOldGen       total 67584K, used 19424K [0x0000000080000000, 0x0000000084200000, 0x00000000d5580000)
  object space 67584K, 28% used [0x0000000080000000,0x00000000812f8018,0x0000000084200000)
 Metaspace       used 34565K, capacity 35383K, committed 35496K, reserved 1079296K
  class space    used 4707K, capacity 4912K, committed 4912K, reserved 1048576K
}

