# JRE version: OpenJDK Runtime Environment (8.0_242-b01) (build 1.8.0_242-release-1644-b01)
# Java VM: OpenJDK 64-Bit Server VM (25.242-b01 mixed mode windows-amd64 compressed oops)
Heap:
 PSYoungGen      total 181248K, used 91244K [0x00000000d5580000, 0x00000000e2580000, 0x0000000100000000)
  eden space 162304K, 56% used [0x00000000d5580000,0x00000000dae9b3b8,0x00000000df400000)
  from space 18944K, 0% used [0x00000000e0600000,0x00000000e0600000,0x00000000e1880000)
  to   space 18432K, 0% used [0x00000000df400000,0x00000000df400000,0x00000000e0600000)
 ParOldGen       total 91648K, used 37984K [0x0000000080000000, 0x0000000085980000, 0x00000000d5580000)
  object space 91648K, 41% used [0x0000000080000000,0x0000000082518308,0x0000000085980000)
 Metaspace       used 61618K, capacity 63898K, committed 64024K, reserved 1103872K
  class space    used 8434K, capacity 8979K, committed 9008K, reserved 1048576K
GC Heap History (10 events):
Event: 6.596 GC heap before
{Heap before GC invocations=11 (full 2):
 PSYoungGen      total 117248K, used 9313K [0x00000000d5580000, 0x00000000dfe80000, 0x0000000100000000)
  eden space 105472K, 0% used [0x00000000d5580000,0x00000000d5580000,0x00000000dbc80000)
  from space 11776K, 79% used [0x00000000dbc80000,0x00000000dc5985f8,0x00000000dc800000)
  to   space 12288K, 0% used [0x00000000df280000,0x00000000df280000,0x00000000dfe80000)
 ParOldGen       total 60928K, used 11005K [0x0000000080000000, 0x0000000083b80000, 0x00000000d5580000)
  object space 60928K, 18% used [0x0000000080000000,0x0000000080abf678,0x0000000083b80000)
 Metaspace       used 34499K, capacity 35400K, committed 35496K, reserved 1079296K
  class space    used 4735K, capacity 4971K, committed 5040K, reserved 1048576K
Event: 6.722 GC heap after
Heap after GC invocations=11 (full 2):
 PSYoungGen      total 117248K, used 0K [0x00000000d5580000, 0x00000000dfe80000, 0x0000000100000000)
  eden space 105472K, 0% used [0x00000000d5580000,0x00000000d5580000,0x00000000dbc80000)
  from space 11776K, 0% used [0x00000000dbc80000,0x00000000dbc80000,0x00000000dc800000)
  to   space 12288K, 0% used [0x00000000df280000,0x00000000df280000,0x00000000dfe80000)
 ParOldGen       total 91648K, used 15968K [0x0000000080000000, 0x0000000085980000, 0x00000000d5580000)
  object space 91648K, 17% used [0x0000000080000000,0x0000000080f98148,0x0000000085980000)
 Metaspace       used 34499K, capacity 35400K, committed 35496K, reserved 1079296K
  class space    used 4735K, capacity 4971K, committed 5040K, reserved 1048576K
}
Event: 8.492 GC heap before
{Heap before GC invocations=12 (full 2):
 PSYoungGen      total 117248K, used 105472K [0x00000000d5580000, 0x00000000dfe80000, 0x0000000100000000)
  eden space 105472K, 100% used [0x00000000d5580000,0x00000000dbc80000,0x00000000dbc80000)
  from space 11776K, 0% used [0x00000000dbc80000,0x00000000dbc80000,0x00000000dc800000)
  to   space 12288K, 0% used [0x00000000df280000,0x00000000df280000,0x00000000dfe80000)
 ParOldGen       total 91648K, used 15968K [0x0000000080000000, 0x0000000085980000, 0x00000000d5580000)
  object space 91648K, 17% used [0x0000000080000000,0x0000000080f98148,0x0000000085980000)
 Metaspace       used 42802K, capacity 44212K, committed 44584K, reserved 1087488K
  class space    used 5768K, capacity 6128K, committed 6192K, reserved 1048576K
Event: 8.514 GC heap after
Heap after GC invocations=12 (full 2):
 PSYoungGen      total 143360K, used 12260K [0x00000000d5580000, 0x00000000dfe80000, 0x0000000100000000)
  eden space 131072K, 0% used [0x00000000d5580000,0x00000000d5580000,0x00000000dd580000)
  from space 12288K, 99% used [0x00000000df280000,0x00000000dfe79158,0x00000000dfe80000)
  to   space 14336K, 0% used [0x00000000de280000,0x00000000de280000,0x00000000df080000)
 ParOldGen       total 91648K, used 17600K [0x0000000080000000, 0x0000000085980000, 0x00000000d5580000)
  object space 91648K, 19% used [0x0000000080000000,0x0000000081130310,0x0000000085980000)
 Metaspace       used 42802K, capacity 44212K, committed 44584K, reserved 1087488K
  class space    used 5768K, capacity 6128K, committed 6192K, reserved 1048576K
}
Event: 10.438 GC heap before
{Heap before GC invocations=13 (full 2):
 PSYoungGen      total 143360K, used 143332K [0x00000000d5580000, 0x00000000dfe80000, 0x0000000100000000)
  eden space 131072K, 100% used [0x00000000d5580000,0x00000000dd580000,0x00000000dd580000)
  from space 12288K, 99% used [0x00000000df280000,0x00000000dfe79158,0x00000000dfe80000)
  to   space 14336K, 0% used [0x00000000de280000,0x00000000de280000,0x00000000df080000)
 ParOldGen       total 91648K, used 17600K [0x0000000080000000, 0x0000000085980000, 0x00000000d5580000)
  object space 91648K, 19% used [0x0000000080000000,0x0000000081130310,0x0000000085980000)
 Metaspace       used 51804K, capacity 53554K, committed 53672K, reserved 1095680K
  class space    used 6877K, capacity 7329K, committed 7344K, reserved 1048576K
Event: 10.473 GC heap after
Heap after GC invocations=13 (full 2):
 PSYoungGen      total 158720K, used 14332K [0x00000000d5580000, 0x00000000e1880000, 0x0000000100000000)
  eden space 144384K, 0% used [0x00000000d5580000,0x00000000d5580000,0x00000000de280000)
  from space 14336K, 99% used [0x00000000de280000,0x00000000df07f000,0x00000000df080000)
  to   space 18944K, 0% used [0x00000000e0600000,0x00000000e0600000,0x00000000e1880000)
 ParOldGen       total 91648K, used 25971K [0x0000000080000000, 0x0000000085980000, 0x00000000d5580000)
  object space 91648K, 28% used [0x0000000080000000,0x000000008195cca8,0x0000000085980000)
 Metaspace       used 51804K, capacity 53554K, committed 53672K, reserved 1095680K
  class space    used 6877K, capacity 7329K, committed 7344K, reserved 1048576K
}
Event: 12.337 GC heap before
{Heap before GC invocations=14 (full 2):
 PSYoungGen      total 158720K, used 94753K [0x00000000d5580000, 0x00000000e1880000, 0x0000000100000000)
  eden space 144384K, 55% used [0x00000000d5580000,0x00000000da409770,0x00000000de280000)
  from space 14336K, 99% used [0x00000000de280000,0x00000000df07f000,0x00000000df080000)
  to   space 18944K, 0% used [0x00000000e0600000,0x00000000e0600000,0x00000000e1880000)
 ParOldGen       total 91648K, used 25971K [0x0000000080000000, 0x0000000085980000, 0x00000000d5580000)
  object space 91648K, 28% used [0x0000000080000000,0x000000008195cca8,0x0000000085980000)
 Metaspace       used 57131K, capacity 59112K, committed 59160K, reserved 1099776K
  class space    used 7725K, capacity 8210K, committed 8240K, reserved 1048576K
Event: 12.363 GC heap after
Heap after GC invocations=14 (full 2):
 PSYoungGen      total 181248K, used 8925K [0x00000000d5580000, 0x00000000e2580000, 0x0000000100000000)
  eden space 162304K, 0% used [0x00000000d5580000,0x00000000d5580000,0x00000000df400000)
  from space 18944K, 47% used [0x00000000e0600000,0x00000000e0eb7648,0x00000000e1880000)
  to   space 18432K, 0% used [0x00000000df400000,0x00000000df400000,0x00000000e0600000)
 ParOldGen       total 91648K, used 34875K [0x0000000080000000, 0x0000000085980000, 0x00000000d5580000)
  object space 91648K, 38% used [0x0000000080000000,0x000000008220ed48,0x0000000085980000)
 Metaspace       used 57131K, capacity 59112K, committed 59160K, reserved 1099776K
  class space    used 7725K, capacity 8210K, committed 8240K, reserved 1048576K
}
Event: 12.363 GC heap before
{Heap before GC invocations=15 (full 3):
 PSYoungGen      total 181248K, used 8925K [0x00000000d5580000, 0x00000000e2580000, 0x0000000100000000)
  eden space 162304K, 0% used [0x00000000d5580000,0x00000000d5580000,0x00000000df400000)
  from space 18944K, 47% used [0x00000000e0600000,0x00000000e0eb7648,0x00000000e1880000)
  to   space 18432K, 0% used [0x00000000df400000,0x00000000df400000,0x00000000e0600000)
 ParOldGen       total 91648K, used 34875K [0x0000000080000000, 0x0000000085980000, 0x00000000d5580000)
  object space 91648K, 38% used [0x0000000080000000,0x000000008220ed48,0x0000000085980000)
 Metaspace       used 57131K, capacity 59112K, committed 59160K, reserved 1099776K
  class space    used 7725K, capacity 8210K, committed 8240K, reserved 1048576K
Event: 12.749 GC heap after
Heap after GC invocations=15 (full 3):
 PSYoungGen      total 181248K, used 0K [0x00000000d5580000, 0x00000000e2580000, 0x0000000100000000)
  eden space 162304K, 0% used [0x00000000d5580000,0x00000000d5580000,0x00000000df400000)
  from space 18944K, 0% used [0x00000000e0600000,0x00000000e0600000,0x00000000e1880000)
  to   space 18432K, 0% used [0x00000000df400000,0x00000000df400000,0x00000000e0600000)
 ParOldGen       total 91648K, used 37984K [0x0000000080000000, 0x0000000085980000, 0x00000000d5580000)
  object space 91648K, 41% used [0x0000000080000000,0x0000000082518308,0x0000000085980000)
 Metaspace       used 57122K, capacity 59082K, committed 59160K, reserved 1099776K
  class space    used 7722K, capacity 8205K, committed 8240K, reserved 1048576K
}

